<?xml version="1.0" encoding="UTF-8"?>
<!-- Generated by org.testng.reporters.JUnitReportReporter -->
<testsuite hostname="Anees-MacBook-Pro.local" failures="0" tests="3" name="com.baseclassf.BaseClassf" time="6.478" errors="1" timestamp="04 Feb 2022 02:25:32 GMT" skipped="1">
  <testcase classname="com.baseclassf.BaseClassf" name="openApplication" time="0.000">
    <skipped/>
  </testcase> <!-- openApplication -->
  <testcase classname="com.baseclassf.BaseClassf" name="setUp" time="2.320">
    <error message="session not created: This version of ChromeDriver only supports Chrome version 96
Current browser version is 98.0.4758.80 with binary path /Applications/Google Chrome.app/Contents/MacOS/Google Chrome
Build info: version: &#039;3.141.59&#039;, revision: &#039;e82be7d358&#039;, time: &#039;2018-11-14T08:17:03&#039;
System info: host: &#039;Anees-MacBook-Pro.local&#039;, ip: &#039;fe80:0:0:0:c45:c31d:5a28:a736%en0&#039;, os.name: &#039;Mac OS X&#039;, os.arch: &#039;x86_64&#039;, os.version: &#039;10.16&#039;, java.version: &#039;13.0.2&#039;
Driver info: driver.version: ChromeDriver
remote stacktrace: 0   chromedriver                        0x0000000101cb3269 __gxx_personality_v0 + 582729
1   chromedriver                        0x0000000101c3ec33 __gxx_personality_v0 + 106003
2   chromedriver                        0x00000001017fbe28 chromedriver + 171560
3   chromedriver                        0x0000000101822433 chromedriver + 328755
4   chromedriver                        0x000000010181dff6 chromedriver + 311286
5   chromedriver                        0x000000010181a6c6 chromedriver + 296646
6   chromedriver                        0x00000001018549c3 chromedriver + 534979
7   chromedriver                        0x000000010184e723 chromedriver + 509731
8   chromedriver                        0x000000010182475e chromedriver + 337758
9   chromedriver                        0x0000000101825a95 chromedriver + 342677
10  chromedriver                        0x0000000101c6f8ab __gxx_personality_v0 + 305803
11  chromedriver                        0x0000000101c86863 __gxx_personality_v0 + 399939
12  chromedriver                        0x0000000101c8bc7f __gxx_personality_v0 + 421471
13  chromedriver                        0x0000000101c87bba __gxx_personality_v0 + 404890
14  chromedriver                        0x0000000101c63e51 __gxx_personality_v0 + 258097
15  chromedriver                        0x0000000101ca3158 __gxx_personality_v0 + 516920
16  chromedriver                        0x0000000101ca32e1 __gxx_personality_v0 + 517313
17  chromedriver                        0x0000000101cba6f8 __gxx_personality_v0 + 612568
18  libsystem_pthread.dylib             0x00007ff80f312514 _pthread_start + 125
19  libsystem_pthread.dylib             0x00007ff80f30e02f thread_start + 15
" type="org.openqa.selenium.SessionNotCreatedException">
      <![CDATA[org.openqa.selenium.SessionNotCreatedException: session not created: This version of ChromeDriver only supports Chrome version 96
Current browser version is 98.0.4758.80 with binary path /Applications/Google Chrome.app/Contents/MacOS/Google Chrome
Build info: version: '3.141.59', revision: 'e82be7d358', time: '2018-11-14T08:17:03'
System info: host: 'Anees-MacBook-Pro.local', ip: 'fe80:0:0:0:c45:c31d:5a28:a736%en0', os.name: 'Mac OS X', os.arch: 'x86_64', os.version: '10.16', java.version: '13.0.2'
Driver info: driver.version: ChromeDriver
remote stacktrace: 0   chromedriver                        0x0000000101cb3269 __gxx_personality_v0 + 582729
1   chromedriver                        0x0000000101c3ec33 __gxx_personality_v0 + 106003
2   chromedriver                        0x00000001017fbe28 chromedriver + 171560
3   chromedriver                        0x0000000101822433 chromedriver + 328755
4   chromedriver                        0x000000010181dff6 chromedriver + 311286
5   chromedriver                        0x000000010181a6c6 chromedriver + 296646
6   chromedriver                        0x00000001018549c3 chromedriver + 534979
7   chromedriver                        0x000000010184e723 chromedriver + 509731
8   chromedriver                        0x000000010182475e chromedriver + 337758
9   chromedriver                        0x0000000101825a95 chromedriver + 342677
10  chromedriver                        0x0000000101c6f8ab __gxx_personality_v0 + 305803
11  chromedriver                        0x0000000101c86863 __gxx_personality_v0 + 399939
12  chromedriver                        0x0000000101c8bc7f __gxx_personality_v0 + 421471
13  chromedriver                        0x0000000101c87bba __gxx_personality_v0 + 404890
14  chromedriver                        0x0000000101c63e51 __gxx_personality_v0 + 258097
15  chromedriver                        0x0000000101ca3158 __gxx_personality_v0 + 516920
16  chromedriver                        0x0000000101ca32e1 __gxx_personality_v0 + 517313
17  chromedriver                        0x0000000101cba6f8 __gxx_personality_v0 + 612568
18  libsystem_pthread.dylib             0x00007ff80f312514 _pthread_start + 125
19  libsystem_pthread.dylib             0x00007ff80f30e02f thread_start + 15

at java.base/jdk.internal.reflect.NativeConstructorAccessorImpl.newInstance0(Native Method)
at java.base/jdk.internal.reflect.NativeConstructorAccessorImpl.newInstance(NativeConstructorAccessorImpl.java:62)
at java.base/jdk.internal.reflect.DelegatingConstructorAccessorImpl.newInstance(DelegatingConstructorAccessorImpl.java:45)
at java.base/java.lang.reflect.Constructor.newInstanceWithCaller(Constructor.java:500)
at java.base/java.lang.reflect.Constructor.newInstance(Constructor.java:481)
at org.openqa.selenium.remote.W3CHandshakeResponse.lambda$errorHandler$0(W3CHandshakeResponse.java:62)
at org.openqa.selenium.remote.HandshakeResponse.lambda$getResponseFunction$0(HandshakeResponse.java:30)
at org.openqa.selenium.remote.ProtocolHandshake.lambda$createSession$0(ProtocolHandshake.java:126)
at java.base/java.util.stream.ReferencePipeline$3$1.accept(ReferencePipeline.java:195)
at java.base/java.util.Spliterators$ArraySpliterator.tryAdvance(Spliterators.java:958)
at java.base/java.util.stream.ReferencePipeline.forEachWithCancel(ReferencePipeline.java:127)
at java.base/java.util.stream.AbstractPipeline.copyIntoWithCancel(AbstractPipeline.java:502)
at java.base/java.util.stream.AbstractPipeline.copyInto(AbstractPipeline.java:488)
at java.base/java.util.stream.AbstractPipeline.wrapAndCopyInto(AbstractPipeline.java:474)
at java.base/java.util.stream.FindOps$FindOp.evaluateSequential(FindOps.java:150)
at java.base/java.util.stream.AbstractPipeline.evaluate(AbstractPipeline.java:234)
at java.base/java.util.stream.ReferencePipeline.findFirst(ReferencePipeline.java:543)
at org.openqa.selenium.remote.ProtocolHandshake.createSession(ProtocolHandshake.java:128)
at org.openqa.selenium.remote.ProtocolHandshake.createSession(ProtocolHandshake.java:74)
at org.openqa.selenium.remote.HttpCommandExecutor.execute(HttpCommandExecutor.java:136)
at org.openqa.selenium.remote.service.DriverCommandExecutor.execute(DriverCommandExecutor.java:83)
at org.openqa.selenium.remote.RemoteWebDriver.execute(RemoteWebDriver.java:552)
at org.openqa.selenium.remote.RemoteWebDriver.startSession(RemoteWebDriver.java:213)
at org.openqa.selenium.remote.RemoteWebDriver.<init>(RemoteWebDriver.java:131)
at org.openqa.selenium.chrome.ChromeDriver.<init>(ChromeDriver.java:181)
at org.openqa.selenium.chrome.ChromeDriver.<init>(ChromeDriver.java:168)
at org.openqa.selenium.chrome.ChromeDriver.<init>(ChromeDriver.java:123)
at com.baseclassf.BaseClassf.setUp(BaseClassf.java:39)
at java.base/jdk.internal.reflect.NativeMethodAccessorImpl.invoke0(Native Method)
at java.base/jdk.internal.reflect.NativeMethodAccessorImpl.invoke(NativeMethodAccessorImpl.java:62)
at java.base/jdk.internal.reflect.DelegatingMethodAccessorImpl.invoke(DelegatingMethodAccessorImpl.java:43)
at java.base/java.lang.reflect.Method.invoke(Method.java:567)
at org.testng.internal.MethodInvocationHelper.invokeMethod(MethodInvocationHelper.java:124)
at org.testng.internal.MethodInvocationHelper.invokeMethodConsideringTimeout(MethodInvocationHelper.java:59)
at org.testng.internal.Invoker.invokeConfigurationMethod(Invoker.java:458)
at org.testng.internal.Invoker.invokeConfigurations(Invoker.java:222)
at org.testng.internal.Invoker.invokeMethod(Invoker.java:523)
at org.testng.internal.Invoker.invokeTestMethod(Invoker.java:719)
at org.testng.internal.Invoker.invokeTestMethods(Invoker.java:989)
at org.testng.internal.TestMethodWorker.invokeTestMethods(TestMethodWorker.java:125)
at org.testng.internal.TestMethodWorker.run(TestMethodWorker.java:109)
at org.testng.TestRunner.privateRun(TestRunner.java:648)
at org.testng.TestRunner.run(TestRunner.java:505)
at org.testng.SuiteRunner.runTest(SuiteRunner.java:455)
at org.testng.SuiteRunner.runSequentially(SuiteRunner.java:450)
at org.testng.SuiteRunner.privateRun(SuiteRunner.java:415)
at org.testng.SuiteRunner.run(SuiteRunner.java:364)
at org.testng.SuiteRunnerWorker.runSuite(SuiteRunnerWorker.java:52)
at org.testng.SuiteRunnerWorker.run(SuiteRunnerWorker.java:84)
at org.testng.TestNG.runSuitesSequentially(TestNG.java:1208)
at org.testng.TestNG.runSuitesLocally(TestNG.java:1137)
at org.testng.TestNG.runSuites(TestNG.java:1049)
at org.testng.TestNG.run(TestNG.java:1017)
at org.testng.remote.AbstractRemoteTestNG.run(AbstractRemoteTestNG.java:115)
at org.testng.remote.RemoteTestNG.initAndRun(RemoteTestNG.java:251)
at org.testng.remote.RemoteTestNG.main(RemoteTestNG.java:77)
]]>
    </error>
  </testcase> <!-- setUp -->
  <testcase classname="com.baseclassf.BaseClassf" name="openApplication" time="4.158"/>
</testsuite> <!-- com.baseclassf.BaseClassf -->
