<?xml version="1.0" encoding="UTF-8"?>
<!-- Generated by org.testng.reporters.JUnitXMLReporter -->
<testsuite ignored="0" hostname="Anees-MacBook-Pro.local" failures="0" tests="1" name="Chrome Browser Test" time="2.428" errors="0" timestamp="04 Feb 2022 02:25:28 GMT">
  <testcase classname="com.baseclassf.BaseClassf" name="@BeforeMethod setUp" time="2.32">
    <failure type="org.openqa.selenium.SessionNotCreatedException" message="session not created: This version of ChromeDriver only supports Chrome version 96
Current browser version is 98.0.4758.80 with binary path /Applications/Google Chrome.app/Contents/MacOS/Google Chrome
Build info: version: &amp;apos;3.141.59&amp;apos;, revision: &amp;apos;e82be7d358&amp;apos;, time: &amp;apos;2018-11-14T08:17:03&amp;apos;
System info: host: &amp;apos;Anees-MacBook-Pro.local&amp;apos;, ip: &amp;apos;fe80:0:0:0:c45:c31d:5a28:a736%en0&amp;apos;, os.name: &amp;apos;Mac OS X&amp;apos;, os.arch: &amp;apos;x86_64&amp;apos;, os.version: &amp;apos;10.16&amp;apos;, java.version: &amp;apos;13.0.2&amp;apos;
Driver info: driver.version: ChromeDriver
remote stacktrace: 0   chromedriver                        0x0000000101cb3269 __gxx_personality_v0 + 582729
1   chromedriver                        0x0000000101c3ec33 __gxx_personality_v0 + 106003
2   chromedriver                        0x00000001017fbe28 chromedriver + 171560
3   chromedriver                        0x0000000101822433 chromedriver + 328755
4   chromedriver                        0x000000010181dff6 chromedriver + 311286
5   chromedriver                        0x000000010181a6c6 chromedriver + 296646
6   chromedriver                        0x00000001018549c3 chromedriver + 534979
7   chromedriver                        0x000000010184e723 chromedriver + 509731
8   chromedriver                        0x000000010182475e chromedriver + 337758
9   chromedriver                        0x0000000101825a95 chromedriver + 342677
10  chromedriver                        0x0000000101c6f8ab __gxx_personality_v0 + 305803
11  chromedriver                        0x0000000101c86863 __gxx_personality_v0 + 399939
12  chromedriver                        0x0000000101c8bc7f __gxx_personality_v0 + 421471
13  chromedriver                        0x0000000101c87bba __gxx_personality_v0 + 404890
14  chromedriver                        0x0000000101c63e51 __gxx_personality_v0 + 258097
15  chromedriver                        0x0000000101ca3158 __gxx_personality_v0 + 516920
16  chromedriver                        0x0000000101ca32e1 __gxx_personality_v0 + 517313
17  chromedriver                        0x0000000101cba6f8 __gxx_personality_v0 + 612568
18  libsystem_pthread.dylib             0x00007ff80f312514 _pthread_start + 125
19  libsystem_pthread.dylib             0x00007ff80f30e02f thread_start + 15
">
      <![CDATA[org.openqa.selenium.SessionNotCreatedException: session not created: This version of ChromeDriver only supports Chrome version 96
Current browser version is 98.0.4758.80 with binary path /Applications/Google Chrome.app/Contents/MacOS/Google Chrome
Build info: version: '3.141.59', revision: 'e82be7d358', time: '2018-11-14T08:17:03'
System info: host: 'Anees-MacBook-Pro.local', ip: 'fe80:0:0:0:c45:c31d:5a28:a736%en0', os.name: 'Mac OS X', os.arch: 'x86_64', os.version: '10.16', java.version: '13.0.2'
Driver info: driver.version: ChromeDriver
remote stacktrace: 0   chromedriver                        0x0000000101cb3269 __gxx_personality_v0 + 582729
1   chromedriver                        0x0000000101c3ec33 __gxx_personality_v0 + 106003
2   chromedriver                        0x00000001017fbe28 chromedriver + 171560
3   chromedriver                        0x0000000101822433 chromedriver + 328755
4   chromedriver                        0x000000010181dff6 chromedriver + 311286
5   chromedriver                        0x000000010181a6c6 chromedriver + 296646
6   chromedriver                        0x00000001018549c3 chromedriver + 534979
7   chromedriver                        0x000000010184e723 chromedriver + 509731
8   chromedriver                        0x000000010182475e chromedriver + 337758
9   chromedriver                        0x0000000101825a95 chromedriver + 342677
10  chromedriver                        0x0000000101c6f8ab __gxx_personality_v0 + 305803
11  chromedriver                        0x0000000101c86863 __gxx_personality_v0 + 399939
12  chromedriver                        0x0000000101c8bc7f __gxx_personality_v0 + 421471
13  chromedriver                        0x0000000101c87bba __gxx_personality_v0 + 404890
14  chromedriver                        0x0000000101c63e51 __gxx_personality_v0 + 258097
15  chromedriver                        0x0000000101ca3158 __gxx_personality_v0 + 516920
16  chromedriver                        0x0000000101ca32e1 __gxx_personality_v0 + 517313
17  chromedriver                        0x0000000101cba6f8 __gxx_personality_v0 + 612568
18  libsystem_pthread.dylib             0x00007ff80f312514 _pthread_start + 125
19  libsystem_pthread.dylib             0x00007ff80f30e02f thread_start + 15

at org.openqa.selenium.remote.W3CHandshakeResponse.lambda$errorHandler$0(W3CHandshakeResponse.java:62)
at org.openqa.selenium.remote.HandshakeResponse.lambda$getResponseFunction$0(HandshakeResponse.java:30)
at org.openqa.selenium.remote.ProtocolHandshake.lambda$createSession$0(ProtocolHandshake.java:126)
at java.base/java.util.stream.ReferencePipeline$3$1.accept(ReferencePipeline.java:195)
at java.base/java.util.Spliterators$ArraySpliterator.tryAdvance(Spliterators.java:958)
at java.base/java.util.stream.ReferencePipeline.forEachWithCancel(ReferencePipeline.java:127)
at java.base/java.util.stream.AbstractPipeline.copyIntoWithCancel(AbstractPipeline.java:502)
at java.base/java.util.stream.AbstractPipeline.copyInto(AbstractPipeline.java:488)
at java.base/java.util.stream.AbstractPipeline.wrapAndCopyInto(AbstractPipeline.java:474)
at java.base/java.util.stream.FindOps$FindOp.evaluateSequential(FindOps.java:150)
at java.base/java.util.stream.AbstractPipeline.evaluate(AbstractPipeline.java:234)
at java.base/java.util.stream.ReferencePipeline.findFirst(ReferencePipeline.java:543)
at org.openqa.selenium.remote.ProtocolHandshake.createSession(ProtocolHandshake.java:128)
at org.openqa.selenium.remote.ProtocolHandshake.createSession(ProtocolHandshake.java:74)
at org.openqa.selenium.remote.HttpCommandExecutor.execute(HttpCommandExecutor.java:136)
at org.openqa.selenium.remote.service.DriverCommandExecutor.execute(DriverCommandExecutor.java:83)
at org.openqa.selenium.remote.RemoteWebDriver.execute(RemoteWebDriver.java:552)
at org.openqa.selenium.remote.RemoteWebDriver.startSession(RemoteWebDriver.java:213)
at org.openqa.selenium.remote.RemoteWebDriver.<init>(RemoteWebDriver.java:131)
at org.openqa.selenium.chrome.ChromeDriver.<init>(ChromeDriver.java:181)
at org.openqa.selenium.chrome.ChromeDriver.<init>(ChromeDriver.java:168)
at org.openqa.selenium.chrome.ChromeDriver.<init>(ChromeDriver.java:123)
at com.baseclassf.BaseClassf.setUp(BaseClassf.java:39)
... Removed 33 stack frames]]>
    </failure>
  </testcase> <!-- @BeforeMethod setUp -->
  <testcase classname="com.baseclassf.BaseClassf" name="openApplication" time="0.0">
    <skipped/>
  </testcase> <!-- openApplication -->
</testsuite> <!-- Chrome Browser Test -->
